<?xml version="1.0" encoding="UTF-8"?>
<!-- Generated by org.testng.reporters.JUnitReportReporter -->
<testsuite hostname="LAPTOP-7CB9RIFL" failures="0" tests="1" name="com.actitime.testscript.CustomerModule" time="0.006" errors="0" timestamp="05 May 2022 13:23:20 GMT" skipped="0">
  <testcase classname="com.actitime.testscript.CustomerModule" name="createCustomer" time="0.006"/>
</testsuite> <!-- com.actitime.testscript.CustomerModule -->
